<?xml version="1.0" encoding="UTF-8"?>
<testsuite name="homepage_tests.homepage_tests-20240310222838" tests="5" file="homepage_tests.py" time="0.035" timestamp="2024-03-10T22:28:39" failures="0" errors="0" skipped="0">
	<testcase classname="homepage_tests.homepage_tests" name="test_convert_epoch_to_datetime" time="0.023" timestamp="2024-03-10T22:28:39"/>
	<testcase classname="homepage_tests.homepage_tests" name="test_index_route" time="0.004" timestamp="2024-03-10T22:28:39"/>
	<testcase classname="homepage_tests.homepage_tests" name="test_invalid_epoch_parameter" time="0.002" timestamp="2024-03-10T22:28:39"/>
	<testcase classname="homepage_tests.homepage_tests" name="test_missing_epoch_parameter" time="0.003" timestamp="2024-03-10T22:28:39"/>
	<testcase classname="homepage_tests.homepage_tests" name="test_nonexistent_route" time="0.003" timestamp="2024-03-10T22:28:39"/>
</testsuite>
