<?xml version="1.0" encoding="UTF-8"?>
<testsuite name="homepage_tests.TestConvertEpochToDatetime-20240310225038" tests="1" file="homepage_tests.py" time="0.004" timestamp="2024-03-10T22:50:39" failures="0" errors="0" skipped="0">
	<testcase classname="homepage_tests.TestConvertEpochToDatetime" name="test_convert_epoch_to_datetime_valid" time="0.004" timestamp="2024-03-10T22:50:39"/>
</testsuite>
